  main.cpp
c:\users\nguyen huy dinh\documents\visual studio 2017\project\tictactoeclient\tictactoeclient\main.cpp(116): warning C4244: 'initializing': conversion from 'T' to 'int', possible loss of data
          with
          [
              T=float
          ]
c:\users\nguyen huy dinh\documents\visual studio 2017\project\tictactoeclient\tictactoeclient\main.cpp(120): warning C4244: 'argument': conversion from 'int' to 'float', possible loss of data
c:\users\nguyen huy dinh\documents\visual studio 2017\project\tictactoeclient\tictactoeclient\main.cpp(122): warning C4244: '+=': conversion from 'T' to 'int', possible loss of data
          with
          [
              T=float
          ]
c:\users\nguyen huy dinh\documents\visual studio 2017\project\tictactoeclient\tictactoeclient\main.cpp(125): warning C4244: 'argument': conversion from 'int' to 'float', possible loss of data
c:\users\nguyen huy dinh\documents\visual studio 2017\project\tictactoeclient\tictactoeclient\main.cpp(127): warning C4244: '+=': conversion from 'T' to 'int', possible loss of data
          with
          [
              T=float
          ]
c:\users\nguyen huy dinh\documents\visual studio 2017\project\tictactoeclient\tictactoeclient\main.cpp(130): warning C4244: 'argument': conversion from 'int' to 'float', possible loss of data
c:\users\nguyen huy dinh\documents\visual studio 2017\project\tictactoeclient\tictactoeclient\main.cpp(135): warning C4244: 'argument': conversion from 'int' to 'float', possible loss of data
c:\users\nguyen huy dinh\documents\visual studio 2017\project\tictactoeclient\tictactoeclient\main.cpp(204): warning C4244: 'argument': conversion from 'int' to 'float', possible loss of data
c:\users\nguyen huy dinh\documents\visual studio 2017\project\tictactoeclient\tictactoeclient\main.cpp(211): warning C4244: 'argument': conversion from 'int' to 'float', possible loss of data
c:\users\nguyen huy dinh\documents\visual studio 2017\project\tictactoeclient\tictactoeclient\main.cpp(257): warning C4244: 'argument': conversion from 'int' to 'float', possible loss of data
c:\users\nguyen huy dinh\documents\visual studio 2017\project\tictactoeclient\tictactoeclient\main.cpp(262): warning C4244: 'argument': conversion from 'int' to 'float', possible loss of data
c:\users\nguyen huy dinh\documents\visual studio 2017\project\tictactoeclient\tictactoeclient\main.cpp(272): warning C4244: 'argument': conversion from 'int' to 'float', possible loss of data
  Generating code
  1 of 224 functions ( 0.4%) were compiled, the rest were copied from previous compilation.
    0 functions were new in current compilation
    1 functions had inline decision re-evaluated but remain unchanged
  Finished generating code
  TicTacToeClient.vcxproj -> C:\Users\Nguyen Huy Dinh\Documents\Visual Studio 2017\Project\TicTacToeClient\Release\TicTacToeClient.exe
